{"C:\\Users\\RODRO\\Desktop\\RODRO\\Programacion\\atkl\\server\\db\\sequelize.js": {"path":"C:\\Users\\RODRO\\Desktop\\RODRO\\Programacion\\atkl\\server\\db\\sequelize.js","statementMap":{"0":{"start":{"line":5,"column":0},"end":{"line":5,"column":15}},"1":{"start":{"line":7,"column":17},"end":{"line":7,"column":46}},"2":{"start":{"line":9,"column":18},"end":{"line":27,"column":1}}},"fnMap":{},"branchMap":{"0":{"loc":{"start":{"line":18,"column":20},"end":{"line":25,"column":8}},"type":"cond-expr","locations":[{"start":{"line":19,"column":6},"end":{"line":24,"column":5}},{"start":{"line":25,"column":6},"end":{"line":25,"column":8}}],"line":18}},"s":{"0":1,"1":1,"2":1},"f":{},"b":{"0":[1,0]},"_coverageSchema":"1a1c01bbd47fc00a2c39e90264f33305004495a9","hash":"36b398a77fc3f0c197d5d060b3cccff1f258c725"}
,"C:\\Users\\RODRO\\Desktop\\RODRO\\Programacion\\atkl\\server\\src\\controllers\\admin.controller.js": {"path":"C:\\Users\\RODRO\\Desktop\\RODRO\\Programacion\\atkl\\server\\src\\controllers\\admin.controller.js","statementMap":{"0":{"start":{"line":8,"column":0},"end":{"line":8,"column":15}},"1":{"start":{"line":10,"column":27},"end":{"line":24,"column":1}},"2":{"start":{"line":11,"column":2},"end":{"line":13,"column":3}},"3":{"start":{"line":12,"column":4},"end":{"line":12,"column":43}},"4":{"start":{"line":15,"column":18},"end":{"line":18,"column":3}},"5":{"start":{"line":20,"column":2},"end":{"line":20,"column":33}},"6":{"start":{"line":22,"column":16},"end":{"line":22,"column":74}},"7":{"start":{"line":23,"column":2},"end":{"line":23,"column":15}},"8":{"start":{"line":26,"column":20},"end":{"line":29,"column":1}},"9":{"start":{"line":27,"column":2},"end":{"line":27,"column":32}},"10":{"start":{"line":28,"column":2},"end":{"line":28,"column":67}},"11":{"start":{"line":31,"column":25},"end":{"line":33,"column":1}},"12":{"start":{"line":32,"column":2},"end":{"line":32,"column":49}},"13":{"start":{"line":35,"column":27},"end":{"line":50,"column":1}},"14":{"start":{"line":36,"column":2},"end":{"line":49,"column":3}},"15":{"start":{"line":37,"column":27},"end":{"line":37,"column":68}},"16":{"start":{"line":39,"column":21},"end":{"line":42,"column":6}},"17":{"start":{"line":43,"column":4},"end":{"line":43,"column":20}},"18":{"start":{"line":45,"column":4},"end":{"line":47,"column":5}},"19":{"start":{"line":46,"column":6},"end":{"line":46,"column":62}},"20":{"start":{"line":48,"column":4},"end":{"line":48,"column":62}},"21":{"start":{"line":52,"column":25},"end":{"line":62,"column":1}},"22":{"start":{"line":53,"column":2},"end":{"line":61,"column":3}},"23":{"start":{"line":54,"column":18},"end":{"line":54,"column":53}},"24":{"start":{"line":55,"column":4},"end":{"line":57,"column":5}},"25":{"start":{"line":56,"column":6},"end":{"line":56,"column":40}},"26":{"start":{"line":58,"column":4},"end":{"line":58,"column":16}},"27":{"start":{"line":60,"column":4},"end":{"line":60,"column":72}},"28":{"start":{"line":64,"column":32},"end":{"line":64,"column":75}},"29":{"start":{"line":64,"column":43},"end":{"line":64,"column":75}},"30":{"start":{"line":66,"column":35},"end":{"line":66,"column":87}},"31":{"start":{"line":66,"column":49},"end":{"line":66,"column":87}},"32":{"start":{"line":68,"column":28},"end":{"line":74,"column":1}},"33":{"start":{"line":69,"column":2},"end":{"line":73,"column":3}},"34":{"start":{"line":70,"column":4},"end":{"line":70,"column":33}},"35":{"start":{"line":72,"column":4},"end":{"line":72,"column":63}},"36":{"start":{"line":76,"column":26},"end":{"line":98,"column":1}},"37":{"start":{"line":77,"column":2},"end":{"line":97,"column":3}},"38":{"start":{"line":78,"column":18},"end":{"line":78,"column":47}},"39":{"start":{"line":79,"column":4},"end":{"line":82,"column":5}},"40":{"start":{"line":80,"column":6},"end":{"line":80,"column":61}},"41":{"start":{"line":81,"column":6},"end":{"line":81,"column":40}},"42":{"start":{"line":84,"column":20},"end":{"line":84,"column":66}},"43":{"start":{"line":85,"column":4},"end":{"line":85,"column":51}},"44":{"start":{"line":87,"column":4},"end":{"line":89,"column":5}},"45":{"start":{"line":88,"column":6},"end":{"line":88,"column":44}},"46":{"start":{"line":91,"column":18},"end":{"line":91,"column":39}},"47":{"start":{"line":92,"column":4},"end":{"line":92,"column":42}},"48":{"start":{"line":93,"column":4},"end":{"line":93,"column":28}},"49":{"start":{"line":96,"column":4},"end":{"line":96,"column":63}},"50":{"start":{"line":100,"column":28},"end":{"line":112,"column":1}},"51":{"start":{"line":101,"column":2},"end":{"line":111,"column":3}},"52":{"start":{"line":102,"column":18},"end":{"line":102,"column":47}},"53":{"start":{"line":104,"column":4},"end":{"line":106,"column":5}},"54":{"start":{"line":105,"column":6},"end":{"line":105,"column":40}},"55":{"start":{"line":108,"column":4},"end":{"line":108,"column":16}},"56":{"start":{"line":110,"column":4},"end":{"line":110,"column":69}},"57":{"start":{"line":114,"column":32},"end":{"line":129,"column":1}},"58":{"start":{"line":115,"column":16},"end":{"line":115,"column":77}},"59":{"start":{"line":117,"column":2},"end":{"line":119,"column":3}},"60":{"start":{"line":118,"column":4},"end":{"line":118,"column":65}},"61":{"start":{"line":121,"column":2},"end":{"line":128,"column":4}},"62":{"start":{"line":122,"column":4},"end":{"line":124,"column":5}},"63":{"start":{"line":123,"column":6},"end":{"line":123,"column":62}},"64":{"start":{"line":126,"column":4},"end":{"line":126,"column":33}},"65":{"start":{"line":127,"column":4},"end":{"line":127,"column":10}},"66":{"start":{"line":131,"column":27},"end":{"line":138,"column":1}},"67":{"start":{"line":132,"column":2},"end":{"line":137,"column":3}},"68":{"start":{"line":133,"column":4},"end":{"line":133,"column":28}},"69":{"start":{"line":134,"column":4},"end":{"line":134,"column":58}},"70":{"start":{"line":136,"column":4},"end":{"line":136,"column":48}},"71":{"start":{"line":140,"column":27},"end":{"line":156,"column":1}},"72":{"start":{"line":141,"column":2},"end":{"line":155,"column":3}},"73":{"start":{"line":142,"column":25},"end":{"line":142,"column":35}},"74":{"start":{"line":143,"column":18},"end":{"line":143,"column":62}},"75":{"start":{"line":144,"column":4},"end":{"line":146,"column":5}},"76":{"start":{"line":145,"column":6},"end":{"line":145,"column":65}},"77":{"start":{"line":147,"column":4},"end":{"line":151,"column":6}},"78":{"start":{"line":152,"column":4},"end":{"line":152,"column":67}},"79":{"start":{"line":154,"column":4},"end":{"line":154,"column":51}}},"fnMap":{"0":{"name":"(anonymous_0)","decl":{"start":{"line":10,"column":27},"end":{"line":10,"column":28}},"loc":{"start":{"line":10,"column":40},"end":{"line":24,"column":1}},"line":10},"1":{"name":"(anonymous_1)","decl":{"start":{"line":26,"column":20},"end":{"line":26,"column":21}},"loc":{"start":{"line":26,"column":45},"end":{"line":29,"column":1}},"line":26},"2":{"name":"(anonymous_2)","decl":{"start":{"line":31,"column":25},"end":{"line":31,"column":26}},"loc":{"start":{"line":31,"column":45},"end":{"line":33,"column":1}},"line":31},"3":{"name":"(anonymous_3)","decl":{"start":{"line":35,"column":27},"end":{"line":35,"column":28}},"loc":{"start":{"line":35,"column":48},"end":{"line":50,"column":1}},"line":35},"4":{"name":"(anonymous_4)","decl":{"start":{"line":52,"column":25},"end":{"line":52,"column":26}},"loc":{"start":{"line":52,"column":49},"end":{"line":62,"column":1}},"line":52},"5":{"name":"(anonymous_5)","decl":{"start":{"line":64,"column":32},"end":{"line":64,"column":33}},"loc":{"start":{"line":64,"column":43},"end":{"line":64,"column":75}},"line":64},"6":{"name":"(anonymous_6)","decl":{"start":{"line":66,"column":35},"end":{"line":66,"column":36}},"loc":{"start":{"line":66,"column":49},"end":{"line":66,"column":87}},"line":66},"7":{"name":"(anonymous_7)","decl":{"start":{"line":68,"column":28},"end":{"line":68,"column":29}},"loc":{"start":{"line":68,"column":40},"end":{"line":74,"column":1}},"line":68},"8":{"name":"(anonymous_8)","decl":{"start":{"line":76,"column":26},"end":{"line":76,"column":27}},"loc":{"start":{"line":76,"column":56},"end":{"line":98,"column":1}},"line":76},"9":{"name":"(anonymous_9)","decl":{"start":{"line":100,"column":28},"end":{"line":100,"column":29}},"loc":{"start":{"line":100,"column":47},"end":{"line":112,"column":1}},"line":100},"10":{"name":"(anonymous_10)","decl":{"start":{"line":114,"column":32},"end":{"line":114,"column":33}},"loc":{"start":{"line":114,"column":52},"end":{"line":129,"column":1}},"line":114},"11":{"name":"(anonymous_11)","decl":{"start":{"line":121,"column":40},"end":{"line":121,"column":41}},"loc":{"start":{"line":121,"column":58},"end":{"line":128,"column":3}},"line":121},"12":{"name":"(anonymous_12)","decl":{"start":{"line":131,"column":27},"end":{"line":131,"column":28}},"loc":{"start":{"line":131,"column":47},"end":{"line":138,"column":1}},"line":131},"13":{"name":"(anonymous_13)","decl":{"start":{"line":140,"column":27},"end":{"line":140,"column":28}},"loc":{"start":{"line":140,"column":47},"end":{"line":156,"column":1}},"line":140}},"branchMap":{"0":{"loc":{"start":{"line":11,"column":2},"end":{"line":13,"column":3}},"type":"if","locations":[{"start":{"line":11,"column":2},"end":{"line":13,"column":3}},{"start":{},"end":{}}],"line":11},"1":{"loc":{"start":{"line":45,"column":4},"end":{"line":47,"column":5}},"type":"if","locations":[{"start":{"line":45,"column":4},"end":{"line":47,"column":5}},{"start":{},"end":{}}],"line":45},"2":{"loc":{"start":{"line":55,"column":4},"end":{"line":57,"column":5}},"type":"if","locations":[{"start":{"line":55,"column":4},"end":{"line":57,"column":5}},{"start":{},"end":{}}],"line":55},"3":{"loc":{"start":{"line":79,"column":4},"end":{"line":82,"column":5}},"type":"if","locations":[{"start":{"line":79,"column":4},"end":{"line":82,"column":5}},{"start":{},"end":{}}],"line":79},"4":{"loc":{"start":{"line":87,"column":4},"end":{"line":89,"column":5}},"type":"if","locations":[{"start":{"line":87,"column":4},"end":{"line":89,"column":5}},{"start":{},"end":{}}],"line":87},"5":{"loc":{"start":{"line":104,"column":4},"end":{"line":106,"column":5}},"type":"if","locations":[{"start":{"line":104,"column":4},"end":{"line":106,"column":5}},{"start":{},"end":{}}],"line":104},"6":{"loc":{"start":{"line":115,"column":16},"end":{"line":115,"column":77}},"type":"binary-expr","locations":[{"start":{"line":115,"column":16},"end":{"line":115,"column":33}},{"start":{"line":115,"column":37},"end":{"line":115,"column":77}}],"line":115},"7":{"loc":{"start":{"line":117,"column":2},"end":{"line":119,"column":3}},"type":"if","locations":[{"start":{"line":117,"column":2},"end":{"line":119,"column":3}},{"start":{},"end":{}}],"line":117},"8":{"loc":{"start":{"line":122,"column":4},"end":{"line":124,"column":5}},"type":"if","locations":[{"start":{"line":122,"column":4},"end":{"line":124,"column":5}},{"start":{},"end":{}}],"line":122},"9":{"loc":{"start":{"line":144,"column":4},"end":{"line":146,"column":5}},"type":"if","locations":[{"start":{"line":144,"column":4},"end":{"line":146,"column":5}},{"start":{},"end":{}}],"line":144}},"s":{"0":1,"1":1,"2":2,"3":1,"4":1,"5":1,"6":1,"7":1,"8":1,"9":0,"10":0,"11":1,"12":4,"13":1,"14":6,"15":6,"16":4,"17":2,"18":4,"19":2,"20":2,"21":1,"22":0,"23":0,"24":0,"25":0,"26":0,"27":0,"28":1,"29":0,"30":1,"31":0,"32":1,"33":0,"34":0,"35":0,"36":1,"37":0,"38":0,"39":0,"40":0,"41":0,"42":0,"43":0,"44":0,"45":0,"46":0,"47":0,"48":0,"49":0,"50":1,"51":0,"52":0,"53":0,"54":0,"55":0,"56":0,"57":1,"58":0,"59":0,"60":0,"61":0,"62":0,"63":0,"64":0,"65":0,"66":1,"67":0,"68":0,"69":0,"70":0,"71":1,"72":0,"73":0,"74":0,"75":0,"76":0,"77":0,"78":0,"79":0},"f":{"0":2,"1":0,"2":4,"3":6,"4":0,"5":0,"6":0,"7":0,"8":0,"9":0,"10":0,"11":0,"12":0,"13":0},"b":{"0":[1,1],"1":[2,2],"2":[0,0],"3":[0,0],"4":[0,0],"5":[0,0],"6":[0,0],"7":[0,0],"8":[0,0],"9":[0,0]},"_coverageSchema":"1a1c01bbd47fc00a2c39e90264f33305004495a9","hash":"4fdf1dad036de3cca109f418573f86bc7c52d21c"}
,"C:\\Users\\RODRO\\Desktop\\RODRO\\Programacion\\atkl\\server\\src\\models\\admin.model.js": {"path":"C:\\Users\\RODRO\\Desktop\\RODRO\\Programacion\\atkl\\server\\src\\models\\admin.model.js","statementMap":{"0":{"start":{"line":6,"column":14},"end":{"line":33,"column":1}},"1":{"start":{"line":37,"column":0},"end":{"line":40,"column":2}},"2":{"start":{"line":38,"column":15},"end":{"line":38,"column":39}},"3":{"start":{"line":39,"column":2},"end":{"line":39,"column":58}}},"fnMap":{"0":{"name":"(anonymous_0)","decl":{"start":{"line":37,"column":19},"end":{"line":37,"column":20}},"loc":{"start":{"line":37,"column":36},"end":{"line":40,"column":1}},"line":37}},"branchMap":{},"s":{"0":1,"1":1,"2":0,"3":0},"f":{"0":0},"b":{},"_coverageSchema":"1a1c01bbd47fc00a2c39e90264f33305004495a9","hash":"bd6814ae803028909932c1afc6a92efd2f588b09"}
}
