TN:
SF:server\db\sequelize.js
FNF:0
FNH:0
DA:5,1
DA:7,1
DA:9,1
LF:3
LH:3
BRDA:18,0,0,1
BRDA:18,0,1,0
BRF:2
BRH:1
end_of_record
TN:
SF:server\src\controllers\admin.controller.js
FN:10,(anonymous_0)
FN:26,(anonymous_1)
FN:31,(anonymous_2)
FN:35,(anonymous_3)
FN:52,(anonymous_4)
FN:64,(anonymous_5)
FN:66,(anonymous_6)
FN:68,(anonymous_7)
FN:76,(anonymous_8)
FN:100,(anonymous_9)
FN:114,(anonymous_10)
FN:121,(anonymous_11)
FN:131,(anonymous_12)
FN:140,(anonymous_13)
FNF:14
FNH:3
FNDA:2,(anonymous_0)
FNDA:0,(anonymous_1)
FNDA:4,(anonymous_2)
FNDA:6,(anonymous_3)
FNDA:0,(anonymous_4)
FNDA:0,(anonymous_5)
FNDA:0,(anonymous_6)
FNDA:0,(anonymous_7)
FNDA:0,(anonymous_8)
FNDA:0,(anonymous_9)
FNDA:0,(anonymous_10)
FNDA:0,(anonymous_11)
FNDA:0,(anonymous_12)
FNDA:0,(anonymous_13)
DA:8,1
DA:10,1
DA:11,2
DA:12,1
DA:15,1
DA:20,1
DA:22,1
DA:23,1
DA:26,1
DA:27,0
DA:28,0
DA:31,1
DA:32,4
DA:35,1
DA:36,6
DA:37,6
DA:39,4
DA:43,2
DA:45,4
DA:46,2
DA:48,2
DA:52,1
DA:53,0
DA:54,0
DA:55,0
DA:56,0
DA:58,0
DA:60,0
DA:64,1
DA:66,1
DA:68,1
DA:69,0
DA:70,0
DA:72,0
DA:76,1
DA:77,0
DA:78,0
DA:79,0
DA:80,0
DA:81,0
DA:84,0
DA:85,0
DA:87,0
DA:88,0
DA:91,0
DA:92,0
DA:93,0
DA:96,0
DA:100,1
DA:101,0
DA:102,0
DA:104,0
DA:105,0
DA:108,0
DA:110,0
DA:114,1
DA:115,0
DA:117,0
DA:118,0
DA:121,0
DA:122,0
DA:123,0
DA:126,0
DA:127,0
DA:131,1
DA:132,0
DA:133,0
DA:134,0
DA:136,0
DA:140,1
DA:141,0
DA:142,0
DA:143,0
DA:144,0
DA:145,0
DA:147,0
DA:152,0
DA:154,0
LF:78
LH:28
BRDA:11,0,0,1
BRDA:11,0,1,1
BRDA:45,1,0,2
BRDA:45,1,1,2
BRDA:55,2,0,0
BRDA:55,2,1,0
BRDA:79,3,0,0
BRDA:79,3,1,0
BRDA:87,4,0,0
BRDA:87,4,1,0
BRDA:104,5,0,0
BRDA:104,5,1,0
BRDA:115,6,0,0
BRDA:115,6,1,0
BRDA:117,7,0,0
BRDA:117,7,1,0
BRDA:122,8,0,0
BRDA:122,8,1,0
BRDA:144,9,0,0
BRDA:144,9,1,0
BRF:20
BRH:4
end_of_record
TN:
SF:server\src\models\admin.model.js
FN:37,(anonymous_0)
FNF:1
FNH:0
FNDA:0,(anonymous_0)
DA:6,1
DA:37,1
DA:38,0
DA:39,0
LF:4
LH:2
BRF:0
BRH:0
end_of_record
